2017-06-21 17:23:10 [::1][-][-][error][yii\base\InvalidConfigException] yii\base\InvalidConfigException: yii\web\Request::cookieValidationKey must be configured with a secret key. in /Applications/MAMP/htdocs/dindee.com/vendor/yiisoft/yii2/web/Request.php:1254
Stack trace:
#0 /Applications/MAMP/htdocs/dindee.com/vendor/yiisoft/yii2/web/Request.php(1236): yii\web\Request->loadCookies()
#1 /Applications/MAMP/htdocs/dindee.com/vendor/yiisoft/yii2/web/Request.php(1321): yii\web\Request->getCookies()
#2 /Applications/MAMP/htdocs/dindee.com/vendor/yiisoft/yii2/web/Request.php(1300): yii\web\Request->loadCsrfToken()
#3 /Applications/MAMP/htdocs/dindee.com/vendor/yiisoft/yii2/helpers/BaseHtml.php(295): yii\web\Request->getCsrfToken()
#4 /Applications/MAMP/htdocs/dindee.com/views/layouts/main.php(20): yii\helpers\BaseHtml::csrfMetaTags()
#5 /Applications/MAMP/htdocs/dindee.com/vendor/yiisoft/yii2/base/View.php(326): require('/Applications/M...')
#6 /Applications/MAMP/htdocs/dindee.com/vendor/yiisoft/yii2/base/View.php(248): yii\base\View->renderPhpFile('/Applications/M...', Array)
#7 /Applications/MAMP/htdocs/dindee.com/vendor/yiisoft/yii2/base/Controller.php(393): yii\base\View->renderFile('/Applications/M...', Array, Object(app\controllers\SiteController))
#8 /Applications/MAMP/htdocs/dindee.com/vendor/yiisoft/yii2/base/Controller.php(379): yii\base\Controller->renderContent('<div class="sit...')
#9 /Applications/MAMP/htdocs/dindee.com/controllers/SiteController.php(63): yii\base\Controller->render('index')
#10 [internal function]: app\controllers\SiteController->actionIndex()
#11 /Applications/MAMP/htdocs/dindee.com/vendor/yiisoft/yii2/base/InlineAction.php(55): call_user_func_array(Array, Array)
#12 /Applications/MAMP/htdocs/dindee.com/vendor/yiisoft/yii2/base/Controller.php(154): yii\base\InlineAction->runWithParams(Array)
#13 /Applications/MAMP/htdocs/dindee.com/vendor/yiisoft/yii2/base/Module.php(454): yii\base\Controller->runAction('', Array)
#14 /Applications/MAMP/htdocs/dindee.com/vendor/yiisoft/yii2/web/Application.php(100): yii\base\Module->runAction('', Array)
#15 /Applications/MAMP/htdocs/dindee.com/vendor/yiisoft/yii2/base/Application.php(375): yii\web\Application->handleRequest(Object(yii\web\Request))
#16 /Applications/MAMP/htdocs/dindee.com/web/index.php(12): yii\base\Application->run()
#17 {main}
2017-06-21 17:23:10 [::1][-][-][info][application] $_COOKIE = [
    'Idea-f072fc1b' => '05e050ee-4c32-4f78-8701-5e62b7fe4c39'
    'user_username' => 'admin'
    '_csrf' => '066be5f09f516d8070aabbb686f01223e71dfaeeafb0904bb05ff5e9d3a46550a:2:{i:0;s:5:\"_csrf\";i:1;s:32:\"IrMlHBSdenq8qxscyVN7sZ9fZMeHuyxi\";}'
    '_identity' => '9ee858e3822ead608b674b51ae99d402929fbc4eb90f3b59dba22d0078cd0d80a:2:{i:0;s:9:\"_identity\";i:1;s:17:\"[null,\"\",2592000]\";}'
    'PHPSESSID' => 'a140c7cd5abb1fb881f73832e4efd829'
]

$_SERVER = [
    'HTTP_HOST' => 'localhost'
    'HTTP_CONNECTION' => 'keep-alive'
    'HTTP_UPGRADE_INSECURE_REQUESTS' => '1'
    'HTTP_USER_AGENT' => 'Mozilla/5.0 (Macintosh; Intel Mac OS X 10_12_5) AppleWebKit/537.36 (KHTML, like Gecko) Chrome/58.0.3029.110 Safari/537.36'
    'HTTP_ACCEPT' => 'text/html,application/xhtml+xml,application/xml;q=0.9,image/webp,*/*;q=0.8'
    'HTTP_REFERER' => 'http://localhost/dindee.com/'
    'HTTP_ACCEPT_ENCODING' => 'gzip, deflate, sdch, br'
    'HTTP_ACCEPT_LANGUAGE' => 'en-US,en;q=0.8'
    'HTTP_COOKIE' => 'Idea-f072fc1b=05e050ee-4c32-4f78-8701-5e62b7fe4c39; user_username=admin; _csrf=066be5f09f516d8070aabbb686f01223e71dfaeeafb0904bb05ff5e9d3a46550a%3A2%3A%7Bi%3A0%3Bs%3A5%3A%22_csrf%22%3Bi%3A1%3Bs%3A32%3A%22IrMlHBSdenq8qxscyVN7sZ9fZMeHuyxi%22%3B%7D; _identity=9ee858e3822ead608b674b51ae99d402929fbc4eb90f3b59dba22d0078cd0d80a%3A2%3A%7Bi%3A0%3Bs%3A9%3A%22_identity%22%3Bi%3A1%3Bs%3A17%3A%22%5Bnull%2C%22%22%2C2592000%5D%22%3B%7D; PHPSESSID=a140c7cd5abb1fb881f73832e4efd829'
    'PATH' => '/usr/bin:/bin:/usr/sbin:/sbin'
    'SERVER_SIGNATURE' => ''
    'SERVER_SOFTWARE' => 'Apache/2.2.31 (Unix) mod_wsgi/3.5 Python/2.7.12 PHP/7.0.10 mod_ssl/2.2.31 OpenSSL/1.0.2h DAV/2 mod_fastcgi/2.4.6 mod_perl/2.0.9 Perl/v5.24.0'
    'SERVER_NAME' => 'localhost'
    'SERVER_ADDR' => '::1'
    'SERVER_PORT' => '80'
    'REMOTE_ADDR' => '::1'
    'DOCUMENT_ROOT' => '/Applications/MAMP/htdocs'
    'SERVER_ADMIN' => 'you@example.com'
    'SCRIPT_FILENAME' => '/Applications/MAMP/htdocs/dindee.com/web/index.php'
    'REMOTE_PORT' => '53329'
    'GATEWAY_INTERFACE' => 'CGI/1.1'
    'SERVER_PROTOCOL' => 'HTTP/1.1'
    'REQUEST_METHOD' => 'GET'
    'QUERY_STRING' => ''
    'REQUEST_URI' => '/dindee.com/web/'
    'SCRIPT_NAME' => '/dindee.com/web/index.php'
    'PHP_SELF' => '/dindee.com/web/index.php'
    'REQUEST_TIME_FLOAT' => 1498058590.04
    'REQUEST_TIME' => 1498058590
    'argv' => []
    'argc' => 0
]
2017-06-21 17:24:09 [::1][-][a140c7cd5abb1fb881f73832e4efd829][error][yii\base\ErrorException:32] yii\base\ErrorException: PHP Startup: Unable to load dynamic library '/Applications/MAMP/bin/php/php7.0.10/lib/php/extensions/no-debug-non-zts-20151012/mongodb.so' - dlopen(/Applications/MAMP/bin/php/php7.0.10/lib/php/extensions/no-debug-non-zts-20151012/mongodb.so, 9): image not found in Unknown:0
Stack trace:
#0 [internal function]: yii\base\ErrorHandler->handleFatalError()
#1 {main}
2017-06-21 17:24:08 [::1][-][a140c7cd5abb1fb881f73832e4efd829][info][application] $_COOKIE = [
    'Idea-f072fc1b' => '05e050ee-4c32-4f78-8701-5e62b7fe4c39'
    'user_username' => 'admin'
    '_csrf' => '066be5f09f516d8070aabbb686f01223e71dfaeeafb0904bb05ff5e9d3a46550a:2:{i:0;s:5:\"_csrf\";i:1;s:32:\"IrMlHBSdenq8qxscyVN7sZ9fZMeHuyxi\";}'
    '_identity' => '9ee858e3822ead608b674b51ae99d402929fbc4eb90f3b59dba22d0078cd0d80a:2:{i:0;s:9:\"_identity\";i:1;s:17:\"[null,\"\",2592000]\";}'
    'PHPSESSID' => 'a140c7cd5abb1fb881f73832e4efd829'
]

$_SESSION = [
    'mp-translate' => 'en'
    'Yii.CCaptchaAction.9bcf56f8.site.captcha' => 'paiazn'
    'Yii.CCaptchaAction.9bcf56f8.site.captchacount' => 1
    'a5bfee42bf395d9bb85d0eb2cccce4f5Yii.CWebUser.flashcounters' => []
    '__flash' => []
    '__captcha/site/captcha' => 'mofuaa'
    '__captcha/site/captchacount' => 1
    '__id' => null
    'Yii.CCaptchaAction.325d85c5.site.captcha' => 'gekccit'
    'Yii.CCaptchaAction.325d85c5.site.captchacount' => 1
    'gii__returnUrl' => '/blog/index.php?r=gii'
    'gii__id' => 'yiier'
    'gii__name' => 'yiier'
    'gii__states' => []
]

$_SERVER = [
    'HTTP_HOST' => 'localhost'
    'HTTP_CONNECTION' => 'keep-alive'
    'HTTP_CACHE_CONTROL' => 'max-age=0'
    'HTTP_UPGRADE_INSECURE_REQUESTS' => '1'
    'HTTP_USER_AGENT' => 'Mozilla/5.0 (Macintosh; Intel Mac OS X 10_12_5) AppleWebKit/537.36 (KHTML, like Gecko) Chrome/58.0.3029.110 Safari/537.36'
    'HTTP_ACCEPT' => 'text/html,application/xhtml+xml,application/xml;q=0.9,image/webp,*/*;q=0.8'
    'HTTP_REFERER' => 'http://localhost/dindee.com/'
    'HTTP_ACCEPT_ENCODING' => 'gzip, deflate, sdch, br'
    'HTTP_ACCEPT_LANGUAGE' => 'en-US,en;q=0.8'
    'HTTP_COOKIE' => 'Idea-f072fc1b=05e050ee-4c32-4f78-8701-5e62b7fe4c39; user_username=admin; _csrf=066be5f09f516d8070aabbb686f01223e71dfaeeafb0904bb05ff5e9d3a46550a%3A2%3A%7Bi%3A0%3Bs%3A5%3A%22_csrf%22%3Bi%3A1%3Bs%3A32%3A%22IrMlHBSdenq8qxscyVN7sZ9fZMeHuyxi%22%3B%7D; _identity=9ee858e3822ead608b674b51ae99d402929fbc4eb90f3b59dba22d0078cd0d80a%3A2%3A%7Bi%3A0%3Bs%3A9%3A%22_identity%22%3Bi%3A1%3Bs%3A17%3A%22%5Bnull%2C%22%22%2C2592000%5D%22%3B%7D; PHPSESSID=a140c7cd5abb1fb881f73832e4efd829'
    'PATH' => '/usr/bin:/bin:/usr/sbin:/sbin'
    'SERVER_SIGNATURE' => ''
    'SERVER_SOFTWARE' => 'Apache/2.2.31 (Unix) mod_wsgi/3.5 Python/2.7.12 PHP/7.0.10 mod_ssl/2.2.31 OpenSSL/1.0.2h DAV/2 mod_fastcgi/2.4.6 mod_perl/2.0.9 Perl/v5.24.0'
    'SERVER_NAME' => 'localhost'
    'SERVER_ADDR' => '::1'
    'SERVER_PORT' => '80'
    'REMOTE_ADDR' => '::1'
    'DOCUMENT_ROOT' => '/Applications/MAMP/htdocs'
    'SERVER_ADMIN' => 'you@example.com'
    'SCRIPT_FILENAME' => '/Applications/MAMP/htdocs/dindee.com/web/index.php'
    'REMOTE_PORT' => '53332'
    'GATEWAY_INTERFACE' => 'CGI/1.1'
    'SERVER_PROTOCOL' => 'HTTP/1.1'
    'REQUEST_METHOD' => 'GET'
    'QUERY_STRING' => ''
    'REQUEST_URI' => '/dindee.com/web/'
    'SCRIPT_NAME' => '/dindee.com/web/index.php'
    'PHP_SELF' => '/dindee.com/web/index.php'
    'REQUEST_TIME_FLOAT' => 1498058648.78
    'REQUEST_TIME' => 1498058648
    'argv' => []
    'argc' => 0
]
2017-06-21 17:41:22 [::1][-][-][error][yii\web\HttpException:404] yii\base\InvalidRouteException: Unable to resolve the request: site/register in /Applications/MAMP/htdocs/dindee.com/vendor/yiisoft/yii2/base/Controller.php:125
Stack trace:
#0 /Applications/MAMP/htdocs/dindee.com/vendor/yiisoft/yii2/base/Module.php(454): yii\base\Controller->runAction('register', Array)
#1 /Applications/MAMP/htdocs/dindee.com/vendor/yiisoft/yii2/web/Application.php(100): yii\base\Module->runAction('site/register', Array)
#2 /Applications/MAMP/htdocs/dindee.com/vendor/yiisoft/yii2/base/Application.php(375): yii\web\Application->handleRequest(Object(yii\web\Request))
#3 /Applications/MAMP/htdocs/dindee.com/web/index.php(12): yii\base\Application->run()
#4 {main}

Next yii\web\NotFoundHttpException: Page not found. in /Applications/MAMP/htdocs/dindee.com/vendor/yiisoft/yii2/web/Application.php:112
Stack trace:
#0 /Applications/MAMP/htdocs/dindee.com/vendor/yiisoft/yii2/base/Application.php(375): yii\web\Application->handleRequest(Object(yii\web\Request))
#1 /Applications/MAMP/htdocs/dindee.com/web/index.php(12): yii\base\Application->run()
#2 {main}
2017-06-21 17:41:22 [::1][-][-][info][application] $_GET = [
    'r' => 'site/register'
]

$_COOKIE = [
    'Idea-f072fc1b' => '05e050ee-4c32-4f78-8701-5e62b7fe4c39'
    'user_username' => 'admin'
    '_identity' => '9ee858e3822ead608b674b51ae99d402929fbc4eb90f3b59dba22d0078cd0d80a:2:{i:0;s:9:\"_identity\";i:1;s:17:\"[null,\"\",2592000]\";}'
    'PHPSESSID' => 'a140c7cd5abb1fb881f73832e4efd829'
    '_csrf' => 'cc4dab1c23f49dbd1422ae0cedc417d77659f75be423b108a40557d4fee5218aa:2:{i:0;s:5:\"_csrf\";i:1;s:32:\"EW6RDi1ZR2CGfnOFgOPpGY7qmZkFvhtH\";}'
]

$_SERVER = [
    'HTTP_HOST' => 'localhost'
    'HTTP_CONNECTION' => 'keep-alive'
    'HTTP_UPGRADE_INSECURE_REQUESTS' => '1'
    'HTTP_USER_AGENT' => 'Mozilla/5.0 (Macintosh; Intel Mac OS X 10_12_5) AppleWebKit/537.36 (KHTML, like Gecko) Chrome/58.0.3029.110 Safari/537.36'
    'HTTP_ACCEPT' => 'text/html,application/xhtml+xml,application/xml;q=0.9,image/webp,*/*;q=0.8'
    'HTTP_REFERER' => 'http://localhost/dindee.com/web/index.php?r=site%2Findex'
    'HTTP_ACCEPT_ENCODING' => 'gzip, deflate, sdch, br'
    'HTTP_ACCEPT_LANGUAGE' => 'en-US,en;q=0.8'
    'HTTP_COOKIE' => 'Idea-f072fc1b=05e050ee-4c32-4f78-8701-5e62b7fe4c39; user_username=admin; _identity=9ee858e3822ead608b674b51ae99d402929fbc4eb90f3b59dba22d0078cd0d80a%3A2%3A%7Bi%3A0%3Bs%3A9%3A%22_identity%22%3Bi%3A1%3Bs%3A17%3A%22%5Bnull%2C%22%22%2C2592000%5D%22%3B%7D; PHPSESSID=a140c7cd5abb1fb881f73832e4efd829; _csrf=cc4dab1c23f49dbd1422ae0cedc417d77659f75be423b108a40557d4fee5218aa%3A2%3A%7Bi%3A0%3Bs%3A5%3A%22_csrf%22%3Bi%3A1%3Bs%3A32%3A%22EW6RDi1ZR2CGfnOFgOPpGY7qmZkFvhtH%22%3B%7D'
    'PATH' => '/usr/bin:/bin:/usr/sbin:/sbin'
    'SERVER_SIGNATURE' => ''
    'SERVER_SOFTWARE' => 'Apache/2.2.31 (Unix) mod_wsgi/3.5 Python/2.7.12 PHP/7.0.10 mod_ssl/2.2.31 OpenSSL/1.0.2h DAV/2 mod_fastcgi/2.4.6 mod_perl/2.0.9 Perl/v5.24.0'
    'SERVER_NAME' => 'localhost'
    'SERVER_ADDR' => '::1'
    'SERVER_PORT' => '80'
    'REMOTE_ADDR' => '::1'
    'DOCUMENT_ROOT' => '/Applications/MAMP/htdocs'
    'SERVER_ADMIN' => 'you@example.com'
    'SCRIPT_FILENAME' => '/Applications/MAMP/htdocs/dindee.com/web/index.php'
    'REMOTE_PORT' => '53666'
    'GATEWAY_INTERFACE' => 'CGI/1.1'
    'SERVER_PROTOCOL' => 'HTTP/1.1'
    'REQUEST_METHOD' => 'GET'
    'QUERY_STRING' => 'r=site/register'
    'REQUEST_URI' => '/dindee.com/web/index.php?r=site/register'
    'SCRIPT_NAME' => '/dindee.com/web/index.php'
    'PHP_SELF' => '/dindee.com/web/index.php'
    'REQUEST_TIME_FLOAT' => 1498059682.49
    'REQUEST_TIME' => 1498059682
    'argv' => [
        0 => 'r=site/register'
    ]
    'argc' => 1
]
2017-06-21 17:46:12 [::1][-][-][error][yii\db\Exception] PDOException: SQLSTATE[HY000] [1045] Access denied for user 'root'@'localhost' (using password: NO) in /Applications/MAMP/htdocs/dindee.com/vendor/yiisoft/yii2/db/Connection.php:602
Stack trace:
#0 /Applications/MAMP/htdocs/dindee.com/vendor/yiisoft/yii2/db/Connection.php(602): PDO->__construct('mysql:host=loca...', 'root', '', NULL)
#1 /Applications/MAMP/htdocs/dindee.com/vendor/yiisoft/yii2/db/Connection.php(544): yii\db\Connection->createPdoInstance()
#2 /Applications/MAMP/htdocs/dindee.com/vendor/yiisoft/yii2/db/Connection.php(863): yii\db\Connection->open()
#3 /Applications/MAMP/htdocs/dindee.com/vendor/yiisoft/yii2/db/Connection.php(850): yii\db\Connection->getMasterPdo()
#4 /Applications/MAMP/htdocs/dindee.com/vendor/yiisoft/yii2/db/Command.php(219): yii\db\Connection->getSlavePdo()
#5 /Applications/MAMP/htdocs/dindee.com/vendor/yiisoft/yii2/db/Command.php(894): yii\db\Command->prepare(true)
#6 /Applications/MAMP/htdocs/dindee.com/vendor/yiisoft/yii2/db/Command.php(405): yii\db\Command->queryInternal('fetchAll', 7)
#7 /Applications/MAMP/htdocs/dindee.com/vendor/yiisoft/yii2/db/mysql/Schema.php(349): yii\db\Command->queryColumn()
#8 /Applications/MAMP/htdocs/dindee.com/vendor/yiisoft/yii2/db/Schema.php(229): yii\db\mysql\Schema->findTableNames('')
#9 /Applications/MAMP/htdocs/dindee.com/vendor/yiisoft/yii2-gii/generators/model/Generator.php(158): yii\db\Schema->getTableNames()
#10 [internal function]: yii\gii\generators\model\Generator->yii\gii\generators\model\{closure}()
#11 /Applications/MAMP/htdocs/dindee.com/vendor/yiisoft/yii2-gii/components/ActiveField.php(41): call_user_func(Object(Closure))
#12 /Applications/MAMP/htdocs/dindee.com/vendor/yiisoft/yii2/base/Object.php(107): yii\gii\components\ActiveField->init()
#13 [internal function]: yii\base\Object->__construct(Array)
#14 /Applications/MAMP/htdocs/dindee.com/vendor/yiisoft/yii2/di/Container.php(379): ReflectionClass->newInstanceArgs(Array)
#15 /Applications/MAMP/htdocs/dindee.com/vendor/yiisoft/yii2/di/Container.php(154): yii\di\Container->build('yii\\gii\\compone...', Array, Array)
#16 /Applications/MAMP/htdocs/dindee.com/vendor/yiisoft/yii2/BaseYii.php(344): yii\di\Container->get('yii\\gii\\compone...', Array, Array)
#17 /Applications/MAMP/htdocs/dindee.com/vendor/yiisoft/yii2/widgets/ActiveForm.php(292): yii\BaseYii::createObject(Array)
#18 /Applications/MAMP/htdocs/dindee.com/vendor/yiisoft/yii2-gii/generators/model/form.php(9): yii\widgets\ActiveForm->field(Object(yii\gii\generators\model\Generator), 'tableName')
#19 /Applications/MAMP/htdocs/dindee.com/vendor/yiisoft/yii2/base/View.php(326): require('/Applications/M...')
#20 /Applications/MAMP/htdocs/dindee.com/vendor/yiisoft/yii2/base/View.php(248): yii\base\View->renderPhpFile('/Applications/M...', '[<span class="s...')
#21 /Applications/MAMP/htdocs/dindee.com/vendor/yiisoft/yii2-gii/views/default/view.php(37): yii\base\View->renderFile('/Applications/M...', Array)
#22 /Applications/MAMP/htdocs/dindee.com/vendor/yiisoft/yii2/base/View.php(326): require('/Applications/M...')
#23 /Applications/MAMP/htdocs/dindee.com/vendor/yiisoft/yii2/base/View.php(248): yii\base\View->renderPhpFile('/Applications/M...', '[<span class="s...')
#24 /Applications/MAMP/htdocs/dindee.com/vendor/yiisoft/yii2/base/View.php(150): yii\base\View->renderFile('/Applications/M...', Array, Object(yii\gii\controllers\DefaultController))
#25 /Applications/MAMP/htdocs/dindee.com/vendor/yiisoft/yii2/base/Controller.php(378): yii\base\View->render('view', Array, Object(yii\gii\controllers\DefaultController))
#26 /Applications/MAMP/htdocs/dindee.com/vendor/yiisoft/yii2-gii/controllers/DefaultController.php(61): yii\base\Controller->render('view', Array)
#27 [internal function]: yii\gii\controllers\DefaultController->actionView('model')
#28 /Applications/MAMP/htdocs/dindee.com/vendor/yiisoft/yii2/base/InlineAction.php(55): call_user_func_array(Array, Array)
#29 /Applications/MAMP/htdocs/dindee.com/vendor/yiisoft/yii2/base/Controller.php(154): yii\base\InlineAction->runWithParams(Array)
#30 /Applications/MAMP/htdocs/dindee.com/vendor/yiisoft/yii2/base/Module.php(454): yii\base\Controller->runAction('view', Array)
#31 /Applications/MAMP/htdocs/dindee.com/vendor/yiisoft/yii2/web/Application.php(100): yii\base\Module->runAction('gii/default/vie...', Array)
#32 /Applications/MAMP/htdocs/dindee.com/vendor/yiisoft/yii2/base/Application.php(375): yii\web\Application->handleRequest(Object(yii\web\Request))
#33 /Applications/MAMP/htdocs/dindee.com/web/index.php(12): yii\base\Application->run()
#34 {main}

Next yii\db\Exception: SQLSTATE[HY000] [1045] Access denied for user 'root'@'localhost' (using password: NO) in /Applications/MAMP/htdocs/dindee.com/vendor/yiisoft/yii2/db/Connection.php:549
Stack trace:
#0 /Applications/MAMP/htdocs/dindee.com/vendor/yiisoft/yii2/db/Connection.php(863): yii\db\Connection->open()
#1 /Applications/MAMP/htdocs/dindee.com/vendor/yiisoft/yii2/db/Connection.php(850): yii\db\Connection->getMasterPdo()
#2 /Applications/MAMP/htdocs/dindee.com/vendor/yiisoft/yii2/db/Command.php(219): yii\db\Connection->getSlavePdo()
#3 /Applications/MAMP/htdocs/dindee.com/vendor/yiisoft/yii2/db/Command.php(894): yii\db\Command->prepare(true)
#4 /Applications/MAMP/htdocs/dindee.com/vendor/yiisoft/yii2/db/Command.php(405): yii\db\Command->queryInternal('fetchAll', 7)
#5 /Applications/MAMP/htdocs/dindee.com/vendor/yiisoft/yii2/db/mysql/Schema.php(349): yii\db\Command->queryColumn()
#6 /Applications/MAMP/htdocs/dindee.com/vendor/yiisoft/yii2/db/Schema.php(229): yii\db\mysql\Schema->findTableNames('')
#7 /Applications/MAMP/htdocs/dindee.com/vendor/yiisoft/yii2-gii/generators/model/Generator.php(158): yii\db\Schema->getTableNames()
#8 [internal function]: yii\gii\generators\model\Generator->yii\gii\generators\model\{closure}()
#9 /Applications/MAMP/htdocs/dindee.com/vendor/yiisoft/yii2-gii/components/ActiveField.php(41): call_user_func(Object(Closure))
#10 /Applications/MAMP/htdocs/dindee.com/vendor/yiisoft/yii2/base/Object.php(107): yii\gii\components\ActiveField->init()
#11 [internal function]: yii\base\Object->__construct(Array)
#12 /Applications/MAMP/htdocs/dindee.com/vendor/yiisoft/yii2/di/Container.php(379): ReflectionClass->newInstanceArgs(Array)
#13 /Applications/MAMP/htdocs/dindee.com/vendor/yiisoft/yii2/di/Container.php(154): yii\di\Container->build('yii\\gii\\compone...', Array, Array)
#14 /Applications/MAMP/htdocs/dindee.com/vendor/yiisoft/yii2/BaseYii.php(344): yii\di\Container->get('yii\\gii\\compone...', Array, Array)
#15 /Applications/MAMP/htdocs/dindee.com/vendor/yiisoft/yii2/widgets/ActiveForm.php(292): yii\BaseYii::createObject(Array)
#16 /Applications/MAMP/htdocs/dindee.com/vendor/yiisoft/yii2-gii/generators/model/form.php(9): yii\widgets\ActiveForm->field(Object(yii\gii\generators\model\Generator), 'tableName')
#17 /Applications/MAMP/htdocs/dindee.com/vendor/yiisoft/yii2/base/View.php(326): require('/Applications/M...')
#18 /Applications/MAMP/htdocs/dindee.com/vendor/yiisoft/yii2/base/View.php(248): yii\base\View->renderPhpFile('/Applications/M...', '[<span class="s...')
#19 /Applications/MAMP/htdocs/dindee.com/vendor/yiisoft/yii2-gii/views/default/view.php(37): yii\base\View->renderFile('/Applications/M...', Array)
#20 /Applications/MAMP/htdocs/dindee.com/vendor/yiisoft/yii2/base/View.php(326): require('/Applications/M...')
#21 /Applications/MAMP/htdocs/dindee.com/vendor/yiisoft/yii2/base/View.php(248): yii\base\View->renderPhpFile('/Applications/M...', '[<span class="s...')
#22 /Applications/MAMP/htdocs/dindee.com/vendor/yiisoft/yii2/base/View.php(150): yii\base\View->renderFile('/Applications/M...', Array, Object(yii\gii\controllers\DefaultController))
#23 /Applications/MAMP/htdocs/dindee.com/vendor/yiisoft/yii2/base/Controller.php(378): yii\base\View->render('view', Array, Object(yii\gii\controllers\DefaultController))
#24 /Applications/MAMP/htdocs/dindee.com/vendor/yiisoft/yii2-gii/controllers/DefaultController.php(61): yii\base\Controller->render('view', Array)
#25 [internal function]: yii\gii\controllers\DefaultController->actionView('model')
#26 /Applications/MAMP/htdocs/dindee.com/vendor/yiisoft/yii2/base/InlineAction.php(55): call_user_func_array(Array, Array)
#27 /Applications/MAMP/htdocs/dindee.com/vendor/yiisoft/yii2/base/Controller.php(154): yii\base\InlineAction->runWithParams(Array)
#28 /Applications/MAMP/htdocs/dindee.com/vendor/yiisoft/yii2/base/Module.php(454): yii\base\Controller->runAction('view', Array)
#29 /Applications/MAMP/htdocs/dindee.com/vendor/yiisoft/yii2/web/Application.php(100): yii\base\Module->runAction('gii/default/vie...', Array)
#30 /Applications/MAMP/htdocs/dindee.com/vendor/yiisoft/yii2/base/Application.php(375): yii\web\Application->handleRequest(Object(yii\web\Request))
#31 /Applications/MAMP/htdocs/dindee.com/web/index.php(12): yii\base\Application->run()
#32 {main}
Additional Information:

2017-06-21 17:46:12 [::1][-][-][info][application] $_GET = [
    'r' => 'gii/default/view'
    'id' => 'model'
]

$_COOKIE = [
    'Idea-f072fc1b' => '05e050ee-4c32-4f78-8701-5e62b7fe4c39'
    'user_username' => 'admin'
    '_identity' => '9ee858e3822ead608b674b51ae99d402929fbc4eb90f3b59dba22d0078cd0d80a:2:{i:0;s:9:\"_identity\";i:1;s:17:\"[null,\"\",2592000]\";}'
    'PHPSESSID' => 'a140c7cd5abb1fb881f73832e4efd829'
    '_csrf' => 'cc4dab1c23f49dbd1422ae0cedc417d77659f75be423b108a40557d4fee5218aa:2:{i:0;s:5:\"_csrf\";i:1;s:32:\"EW6RDi1ZR2CGfnOFgOPpGY7qmZkFvhtH\";}'
]

$_SERVER = [
    'HTTP_HOST' => 'localhost'
    'HTTP_CONNECTION' => 'keep-alive'
    'HTTP_UPGRADE_INSECURE_REQUESTS' => '1'
    'HTTP_USER_AGENT' => 'Mozilla/5.0 (Macintosh; Intel Mac OS X 10_12_5) AppleWebKit/537.36 (KHTML, like Gecko) Chrome/58.0.3029.110 Safari/537.36'
    'HTTP_ACCEPT' => 'text/html,application/xhtml+xml,application/xml;q=0.9,image/webp,*/*;q=0.8'
    'HTTP_REFERER' => 'http://localhost/dindee.com/web/index.php?r=gii'
    'HTTP_ACCEPT_ENCODING' => 'gzip, deflate, sdch, br'
    'HTTP_ACCEPT_LANGUAGE' => 'en-US,en;q=0.8'
    'HTTP_COOKIE' => 'Idea-f072fc1b=05e050ee-4c32-4f78-8701-5e62b7fe4c39; user_username=admin; _identity=9ee858e3822ead608b674b51ae99d402929fbc4eb90f3b59dba22d0078cd0d80a%3A2%3A%7Bi%3A0%3Bs%3A9%3A%22_identity%22%3Bi%3A1%3Bs%3A17%3A%22%5Bnull%2C%22%22%2C2592000%5D%22%3B%7D; PHPSESSID=a140c7cd5abb1fb881f73832e4efd829; _csrf=cc4dab1c23f49dbd1422ae0cedc417d77659f75be423b108a40557d4fee5218aa%3A2%3A%7Bi%3A0%3Bs%3A5%3A%22_csrf%22%3Bi%3A1%3Bs%3A32%3A%22EW6RDi1ZR2CGfnOFgOPpGY7qmZkFvhtH%22%3B%7D'
    'PATH' => '/usr/bin:/bin:/usr/sbin:/sbin'
    'SERVER_SIGNATURE' => ''
    'SERVER_SOFTWARE' => 'Apache/2.2.31 (Unix) mod_wsgi/3.5 Python/2.7.12 PHP/7.0.10 mod_ssl/2.2.31 OpenSSL/1.0.2h DAV/2 mod_fastcgi/2.4.6 mod_perl/2.0.9 Perl/v5.24.0'
    'SERVER_NAME' => 'localhost'
    'SERVER_ADDR' => '::1'
    'SERVER_PORT' => '80'
    'REMOTE_ADDR' => '::1'
    'DOCUMENT_ROOT' => '/Applications/MAMP/htdocs'
    'SERVER_ADMIN' => 'you@example.com'
    'SCRIPT_FILENAME' => '/Applications/MAMP/htdocs/dindee.com/web/index.php'
    'REMOTE_PORT' => '53682'
    'GATEWAY_INTERFACE' => 'CGI/1.1'
    'SERVER_PROTOCOL' => 'HTTP/1.1'
    'REQUEST_METHOD' => 'GET'
    'QUERY_STRING' => 'r=gii%2Fdefault%2Fview&id=model'
    'REQUEST_URI' => '/dindee.com/web/index.php?r=gii%2Fdefault%2Fview&id=model'
    'SCRIPT_NAME' => '/dindee.com/web/index.php'
    'PHP_SELF' => '/dindee.com/web/index.php'
    'REQUEST_TIME_FLOAT' => 1498059972.57
    'REQUEST_TIME' => 1498059972
    'argv' => [
        0 => 'r=gii%2Fdefault%2Fview&id=model'
    ]
    'argc' => 1
]
2017-06-21 17:47:58 [::1][-][-][error][yii\base\ErrorException:32] yii\base\ErrorException: PHP Startup: Unable to load dynamic library '/Applications/MAMP/bin/php/php7.0.10/lib/php/extensions/no-debug-non-zts-20151012/mongodb.so' - dlopen(/Applications/MAMP/bin/php/php7.0.10/lib/php/extensions/no-debug-non-zts-20151012/mongodb.so, 9): image not found in Unknown:0
Stack trace:
#0 [internal function]: yii\base\ErrorHandler->handleFatalError()
#1 {main}
2017-06-21 17:47:57 [::1][-][-][info][application] $_GET = [
    'r' => 'gii/default/diff'
    'id' => 'model'
    'file' => 'e6680356d6dfbda115970f86165465b3'
]

$_POST = [
    '_csrf' => 'ak9kcVF5OVAvGFIjFRAICjh9JzY3F3YWDQA0ARYgDiEHFQ83JxFNGA=='
    'Generator' => [
        'tableName' => '*'
        'modelClass' => ''
        'ns' => 'app\\models'
        'baseClass' => 'yii\\db\\ActiveRecord'
        'db' => 'db'
        'useTablePrefix' => '0'
        'generateRelations' => 'all'
        'generateLabelsFromComments' => '0'
        'generateQuery' => '1'
        'queryNs' => 'app\\models'
        'queryClass' => ''
        'queryBaseClass' => 'yii\\db\\ActiveQuery'
        'enableI18N' => '1'
        'messageCategory' => 'app'
        'useSchemaName' => '1'
        'template' => 'default'
    ]
    'answers' => [
        '859b31162849cb8ced25a2af27f2591e' => '1'
        'ce3d25d0316cc84ad1c44ff38871d99c' => '1'
        'c9734b675172a2530fdff0a57fd4e24c' => '1'
        'd4cded9106efa1d30f2122e9df3a0a25' => '1'
        'a425e4c42931daabd197bbcf18eb0350' => '1'
        '19b18b30c0fce104b30e2080a7213e94' => '1'
        '7dfad5e914c99acb4e1fa2300754ca3a' => '1'
        '4c19d4dd34aa380c6369ddff00ebf9a1' => '1'
        'bb6d806fd8ae1929fc05d0bb2034b7b8' => '1'
        '7f14d0c74981d39de3031b3c33a8d582' => '1'
        'afba9375c9fa6a73d3507bca7d707355' => '1'
    ]
]

$_COOKIE = [
    'Idea-f072fc1b' => '05e050ee-4c32-4f78-8701-5e62b7fe4c39'
    'user_username' => 'admin'
    '_identity' => '9ee858e3822ead608b674b51ae99d402929fbc4eb90f3b59dba22d0078cd0d80a:2:{i:0;s:9:\"_identity\";i:1;s:17:\"[null,\"\",2592000]\";}'
    'PHPSESSID' => 'a140c7cd5abb1fb881f73832e4efd829'
    '_csrf' => 'cc4dab1c23f49dbd1422ae0cedc417d77659f75be423b108a40557d4fee5218aa:2:{i:0;s:5:\"_csrf\";i:1;s:32:\"EW6RDi1ZR2CGfnOFgOPpGY7qmZkFvhtH\";}'
]

$_SERVER = [
    'HTTP_HOST' => 'localhost'
    'HTTP_CONNECTION' => 'keep-alive'
    'CONTENT_LENGTH' => '1225'
    'HTTP_ACCEPT' => '*/*'
    'HTTP_ORIGIN' => 'http://localhost'
    'HTTP_X_CSRF_TOKEN' => 'ak9kcVF5OVAvGFIjFRAICjh9JzY3F3YWDQA0ARYgDiEHFQ83JxFNGA=='
    'HTTP_USER_AGENT' => 'Mozilla/5.0 (Macintosh; Intel Mac OS X 10_12_5) AppleWebKit/537.36 (KHTML, like Gecko) Chrome/58.0.3029.110 Safari/537.36'
    'HTTP_X_REQUESTED_WITH' => 'XMLHttpRequest'
    'CONTENT_TYPE' => 'application/x-www-form-urlencoded; charset=UTF-8'
    'HTTP_REFERER' => 'http://localhost/dindee.com/web/index.php?r=gii%2Fdefault%2Fview&id=model'
    'HTTP_ACCEPT_ENCODING' => 'gzip, deflate, br'
    'HTTP_ACCEPT_LANGUAGE' => 'en-US,en;q=0.8'
    'HTTP_COOKIE' => 'Idea-f072fc1b=05e050ee-4c32-4f78-8701-5e62b7fe4c39; user_username=admin; _identity=9ee858e3822ead608b674b51ae99d402929fbc4eb90f3b59dba22d0078cd0d80a%3A2%3A%7Bi%3A0%3Bs%3A9%3A%22_identity%22%3Bi%3A1%3Bs%3A17%3A%22%5Bnull%2C%22%22%2C2592000%5D%22%3B%7D; PHPSESSID=a140c7cd5abb1fb881f73832e4efd829; _csrf=cc4dab1c23f49dbd1422ae0cedc417d77659f75be423b108a40557d4fee5218aa%3A2%3A%7Bi%3A0%3Bs%3A5%3A%22_csrf%22%3Bi%3A1%3Bs%3A32%3A%22EW6RDi1ZR2CGfnOFgOPpGY7qmZkFvhtH%22%3B%7D'
    'PATH' => '/usr/bin:/bin:/usr/sbin:/sbin'
    'SERVER_SIGNATURE' => ''
    'SERVER_SOFTWARE' => 'Apache/2.2.31 (Unix) mod_wsgi/3.5 Python/2.7.12 PHP/7.0.10 mod_ssl/2.2.31 OpenSSL/1.0.2h DAV/2 mod_fastcgi/2.4.6 mod_perl/2.0.9 Perl/v5.24.0'
    'SERVER_NAME' => 'localhost'
    'SERVER_ADDR' => '::1'
    'SERVER_PORT' => '80'
    'REMOTE_ADDR' => '::1'
    'DOCUMENT_ROOT' => '/Applications/MAMP/htdocs'
    'SERVER_ADMIN' => 'you@example.com'
    'SCRIPT_FILENAME' => '/Applications/MAMP/htdocs/dindee.com/web/index.php'
    'REMOTE_PORT' => '53694'
    'GATEWAY_INTERFACE' => 'CGI/1.1'
    'SERVER_PROTOCOL' => 'HTTP/1.1'
    'REQUEST_METHOD' => 'POST'
    'QUERY_STRING' => 'r=gii%2Fdefault%2Fdiff&id=model&file=e6680356d6dfbda115970f86165465b3'
    'REQUEST_URI' => '/dindee.com/web/index.php?r=gii%2Fdefault%2Fdiff&id=model&file=e6680356d6dfbda115970f86165465b3'
    'SCRIPT_NAME' => '/dindee.com/web/index.php'
    'PHP_SELF' => '/dindee.com/web/index.php'
    'REQUEST_TIME_FLOAT' => 1498060077.89
    'REQUEST_TIME' => 1498060077
    'argv' => [
        0 => 'r=gii%2Fdefault%2Fdiff&id=model&file=e6680356d6dfbda115970f86165465b3'
    ]
    'argc' => 1
]
2017-06-21 18:42:42 [::1][-][a140c7cd5abb1fb881f73832e4efd829][error][yii\base\UnknownPropertyException] yii\base\UnknownPropertyException: Setting unknown property: app\models\User::sql in /Applications/MAMP/htdocs/dindee.com/vendor/yiisoft/yii2/base/Component.php:197
Stack trace:
#0 /Applications/MAMP/htdocs/dindee.com/vendor/yiisoft/yii2/db/BaseActiveRecord.php(306): yii\base\Component->__set('sql', NULL)
#1 /Applications/MAMP/htdocs/dindee.com/vendor/yiisoft/yii2/BaseYii.php(521): yii\db\BaseActiveRecord->__set('sql', NULL)
#2 /Applications/MAMP/htdocs/dindee.com/vendor/yiisoft/yii2/base/Object.php(105): yii\BaseYii::configure(Object(app\models\User), Object(app\models\UserQuery))
#3 /Applications/MAMP/htdocs/dindee.com/models/User.php(33): yii\base\Object->__construct(Object(app\models\UserQuery))
#4 /Applications/MAMP/htdocs/dindee.com/models/LoginForm.php(76): app\models\User::findIdentity('adsavin@live.co...')
#5 /Applications/MAMP/htdocs/dindee.com/models/LoginForm.php(48): app\models\LoginForm->getUser()
#6 [internal function]: app\models\LoginForm->validatePassword('password', NULL)
#7 /Applications/MAMP/htdocs/dindee.com/vendor/yiisoft/yii2/validators/InlineValidator.php(69): call_user_func(Array, 'password', NULL)
#8 /Applications/MAMP/htdocs/dindee.com/vendor/yiisoft/yii2/validators/Validator.php(265): yii\validators\InlineValidator->validateAttribute(Object(app\models\LoginForm), 'password')
#9 /Applications/MAMP/htdocs/dindee.com/vendor/yiisoft/yii2/base/Model.php(356): yii\validators\Validator->validateAttributes(Object(app\models\LoginForm), Array)
#10 /Applications/MAMP/htdocs/dindee.com/models/LoginForm.php(62): yii\base\Model->validate()
#11 /Applications/MAMP/htdocs/dindee.com/controllers/SiteController.php(78): app\models\LoginForm->login()
#12 [internal function]: app\controllers\SiteController->actionLogin()
#13 /Applications/MAMP/htdocs/dindee.com/vendor/yiisoft/yii2/base/InlineAction.php(55): call_user_func_array(Array, Array)
#14 /Applications/MAMP/htdocs/dindee.com/vendor/yiisoft/yii2/base/Controller.php(154): yii\base\InlineAction->runWithParams(Array)
#15 /Applications/MAMP/htdocs/dindee.com/vendor/yiisoft/yii2/base/Module.php(454): yii\base\Controller->runAction('login', Array)
#16 /Applications/MAMP/htdocs/dindee.com/vendor/yiisoft/yii2/web/Application.php(100): yii\base\Module->runAction('site/login', Array)
#17 /Applications/MAMP/htdocs/dindee.com/vendor/yiisoft/yii2/base/Application.php(375): yii\web\Application->handleRequest(Object(yii\web\Request))
#18 /Applications/MAMP/htdocs/dindee.com/web/index.php(12): yii\base\Application->run()
#19 {main}
2017-06-21 18:42:42 [::1][-][a140c7cd5abb1fb881f73832e4efd829][info][application] $_GET = [
    'r' => 'site/login'
]

$_POST = [
    '_csrf' => 'QXlJd2UyQUwELn8lIVtwFhNLCjADXA4KJjYZByJrdj0sIyIxE1o1BA=='
    'LoginForm' => [
        'email' => 'adsavin@live.com'
        'password' => '123'
        'rememberMe' => '1'
    ]
    'login-button' => ''
]

$_COOKIE = [
    'Idea-f072fc1b' => '05e050ee-4c32-4f78-8701-5e62b7fe4c39'
    'user_username' => 'admin'
    '_identity' => '9ee858e3822ead608b674b51ae99d402929fbc4eb90f3b59dba22d0078cd0d80a:2:{i:0;s:9:\"_identity\";i:1;s:17:\"[null,\"\",2592000]\";}'
    'PHPSESSID' => 'a140c7cd5abb1fb881f73832e4efd829'
    '_csrf' => 'cc4dab1c23f49dbd1422ae0cedc417d77659f75be423b108a40557d4fee5218aa:2:{i:0;s:5:\"_csrf\";i:1;s:32:\"EW6RDi1ZR2CGfnOFgOPpGY7qmZkFvhtH\";}'
]

$_SESSION = [
    'mp-translate' => 'en'
    'Yii.CCaptchaAction.9bcf56f8.site.captcha' => 'paiazn'
    'Yii.CCaptchaAction.9bcf56f8.site.captchacount' => 1
    'a5bfee42bf395d9bb85d0eb2cccce4f5Yii.CWebUser.flashcounters' => []
    '__flash' => []
    '__captcha/site/captcha' => 'mofuaa'
    '__captcha/site/captchacount' => 1
    '__id' => null
    'Yii.CCaptchaAction.325d85c5.site.captcha' => 'gekccit'
    'Yii.CCaptchaAction.325d85c5.site.captchacount' => 1
    'gii__returnUrl' => '/blog/index.php?r=gii'
    'gii__id' => 'yiier'
    'gii__name' => 'yiier'
    'gii__states' => []
]

$_SERVER = [
    'HTTP_HOST' => 'localhost'
    'HTTP_CONNECTION' => 'keep-alive'
    'CONTENT_LENGTH' => '218'
    'HTTP_CACHE_CONTROL' => 'max-age=0'
    'HTTP_ORIGIN' => 'http://localhost'
    'HTTP_UPGRADE_INSECURE_REQUESTS' => '1'
    'HTTP_USER_AGENT' => 'Mozilla/5.0 (Macintosh; Intel Mac OS X 10_12_5) AppleWebKit/537.36 (KHTML, like Gecko) Chrome/58.0.3029.110 Safari/537.36'
    'CONTENT_TYPE' => 'application/x-www-form-urlencoded'
    'HTTP_ACCEPT' => 'text/html,application/xhtml+xml,application/xml;q=0.9,image/webp,*/*;q=0.8'
    'HTTP_REFERER' => 'http://localhost/dindee.com/web/index.php?r=site/login'
    'HTTP_ACCEPT_ENCODING' => 'gzip, deflate, br'
    'HTTP_ACCEPT_LANGUAGE' => 'en-US,en;q=0.8'
    'HTTP_COOKIE' => 'Idea-f072fc1b=05e050ee-4c32-4f78-8701-5e62b7fe4c39; user_username=admin; _identity=9ee858e3822ead608b674b51ae99d402929fbc4eb90f3b59dba22d0078cd0d80a%3A2%3A%7Bi%3A0%3Bs%3A9%3A%22_identity%22%3Bi%3A1%3Bs%3A17%3A%22%5Bnull%2C%22%22%2C2592000%5D%22%3B%7D; PHPSESSID=a140c7cd5abb1fb881f73832e4efd829; _csrf=cc4dab1c23f49dbd1422ae0cedc417d77659f75be423b108a40557d4fee5218aa%3A2%3A%7Bi%3A0%3Bs%3A5%3A%22_csrf%22%3Bi%3A1%3Bs%3A32%3A%22EW6RDi1ZR2CGfnOFgOPpGY7qmZkFvhtH%22%3B%7D'
    'PATH' => '/usr/bin:/bin:/usr/sbin:/sbin'
    'SERVER_SIGNATURE' => ''
    'SERVER_SOFTWARE' => 'Apache/2.2.31 (Unix) mod_wsgi/3.5 Python/2.7.12 PHP/7.0.10 mod_ssl/2.2.31 OpenSSL/1.0.2h DAV/2 mod_fastcgi/2.4.6 mod_perl/2.0.9 Perl/v5.24.0'
    'SERVER_NAME' => 'localhost'
    'SERVER_ADDR' => '::1'
    'SERVER_PORT' => '80'
    'REMOTE_ADDR' => '::1'
    'DOCUMENT_ROOT' => '/Applications/MAMP/htdocs'
    'SERVER_ADMIN' => 'you@example.com'
    'SCRIPT_FILENAME' => '/Applications/MAMP/htdocs/dindee.com/web/index.php'
    'REMOTE_PORT' => '55784'
    'GATEWAY_INTERFACE' => 'CGI/1.1'
    'SERVER_PROTOCOL' => 'HTTP/1.1'
    'REQUEST_METHOD' => 'POST'
    'QUERY_STRING' => 'r=site/login'
    'REQUEST_URI' => '/dindee.com/web/index.php?r=site/login'
    'SCRIPT_NAME' => '/dindee.com/web/index.php'
    'PHP_SELF' => '/dindee.com/web/index.php'
    'REQUEST_TIME_FLOAT' => 1498063362.17
    'REQUEST_TIME' => 1498063362
    'argv' => [
        0 => 'r=site/login'
    ]
    'argc' => 1
]
2017-06-21 18:44:25 [::1][-][a140c7cd5abb1fb881f73832e4efd829][error][yii\base\UnknownPropertyException] yii\base\UnknownPropertyException: Setting unknown property: app\models\User::sql in /Applications/MAMP/htdocs/dindee.com/vendor/yiisoft/yii2/base/Component.php:197
Stack trace:
#0 /Applications/MAMP/htdocs/dindee.com/vendor/yiisoft/yii2/db/BaseActiveRecord.php(306): yii\base\Component->__set('sql', NULL)
#1 /Applications/MAMP/htdocs/dindee.com/vendor/yiisoft/yii2/BaseYii.php(521): yii\db\BaseActiveRecord->__set('sql', NULL)
#2 /Applications/MAMP/htdocs/dindee.com/vendor/yiisoft/yii2/base/Object.php(105): yii\BaseYii::configure(Object(app\models\User), Object(app\models\UserQuery))
#3 /Applications/MAMP/htdocs/dindee.com/models/User.php(33): yii\base\Object->__construct(Object(app\models\UserQuery))
#4 /Applications/MAMP/htdocs/dindee.com/models/LoginForm.php(76): app\models\User::findIdentity('adsavin@live.co...')
#5 /Applications/MAMP/htdocs/dindee.com/models/LoginForm.php(48): app\models\LoginForm->getUser()
#6 [internal function]: app\models\LoginForm->validatePassword('password', NULL)
#7 /Applications/MAMP/htdocs/dindee.com/vendor/yiisoft/yii2/validators/InlineValidator.php(69): call_user_func(Array, 'password', NULL)
#8 /Applications/MAMP/htdocs/dindee.com/vendor/yiisoft/yii2/validators/Validator.php(265): yii\validators\InlineValidator->validateAttribute(Object(app\models\LoginForm), 'password')
#9 /Applications/MAMP/htdocs/dindee.com/vendor/yiisoft/yii2/base/Model.php(356): yii\validators\Validator->validateAttributes(Object(app\models\LoginForm), Array)
#10 /Applications/MAMP/htdocs/dindee.com/models/LoginForm.php(62): yii\base\Model->validate()
#11 /Applications/MAMP/htdocs/dindee.com/controllers/SiteController.php(78): app\models\LoginForm->login()
#12 [internal function]: app\controllers\SiteController->actionLogin()
#13 /Applications/MAMP/htdocs/dindee.com/vendor/yiisoft/yii2/base/InlineAction.php(55): call_user_func_array(Array, Array)
#14 /Applications/MAMP/htdocs/dindee.com/vendor/yiisoft/yii2/base/Controller.php(154): yii\base\InlineAction->runWithParams(Array)
#15 /Applications/MAMP/htdocs/dindee.com/vendor/yiisoft/yii2/base/Module.php(454): yii\base\Controller->runAction('login', Array)
#16 /Applications/MAMP/htdocs/dindee.com/vendor/yiisoft/yii2/web/Application.php(100): yii\base\Module->runAction('site/login', Array)
#17 /Applications/MAMP/htdocs/dindee.com/vendor/yiisoft/yii2/base/Application.php(375): yii\web\Application->handleRequest(Object(yii\web\Request))
#18 /Applications/MAMP/htdocs/dindee.com/web/index.php(12): yii\base\Application->run()
#19 {main}
2017-06-21 18:44:25 [::1][-][a140c7cd5abb1fb881f73832e4efd829][info][application] $_GET = [
    'r' => 'site/login'
]

$_POST = [
    '_csrf' => 'QXlJd2UyQUwELn8lIVtwFhNLCjADXA4KJjYZByJrdj0sIyIxE1o1BA=='
    'LoginForm' => [
        'email' => 'adsavin@live.com'
        'password' => '123'
        'rememberMe' => '1'
    ]
    'login-button' => ''
]

$_COOKIE = [
    'Idea-f072fc1b' => '05e050ee-4c32-4f78-8701-5e62b7fe4c39'
    'user_username' => 'admin'
    '_identity' => '9ee858e3822ead608b674b51ae99d402929fbc4eb90f3b59dba22d0078cd0d80a:2:{i:0;s:9:\"_identity\";i:1;s:17:\"[null,\"\",2592000]\";}'
    'PHPSESSID' => 'a140c7cd5abb1fb881f73832e4efd829'
    '_csrf' => 'cc4dab1c23f49dbd1422ae0cedc417d77659f75be423b108a40557d4fee5218aa:2:{i:0;s:5:\"_csrf\";i:1;s:32:\"EW6RDi1ZR2CGfnOFgOPpGY7qmZkFvhtH\";}'
]

$_SESSION = [
    'mp-translate' => 'en'
    'Yii.CCaptchaAction.9bcf56f8.site.captcha' => 'paiazn'
    'Yii.CCaptchaAction.9bcf56f8.site.captchacount' => 1
    'a5bfee42bf395d9bb85d0eb2cccce4f5Yii.CWebUser.flashcounters' => []
    '__flash' => []
    '__captcha/site/captcha' => 'mofuaa'
    '__captcha/site/captchacount' => 1
    '__id' => null
    'Yii.CCaptchaAction.325d85c5.site.captcha' => 'gekccit'
    'Yii.CCaptchaAction.325d85c5.site.captchacount' => 1
    'gii__returnUrl' => '/blog/index.php?r=gii'
    'gii__id' => 'yiier'
    'gii__name' => 'yiier'
    'gii__states' => []
]

$_SERVER = [
    'HTTP_HOST' => 'localhost'
    'HTTP_CONNECTION' => 'keep-alive'
    'CONTENT_LENGTH' => '218'
    'HTTP_CACHE_CONTROL' => 'max-age=0'
    'HTTP_ORIGIN' => 'http://localhost'
    'HTTP_UPGRADE_INSECURE_REQUESTS' => '1'
    'HTTP_USER_AGENT' => 'Mozilla/5.0 (Macintosh; Intel Mac OS X 10_12_5) AppleWebKit/537.36 (KHTML, like Gecko) Chrome/58.0.3029.110 Safari/537.36'
    'CONTENT_TYPE' => 'application/x-www-form-urlencoded'
    'HTTP_ACCEPT' => 'text/html,application/xhtml+xml,application/xml;q=0.9,image/webp,*/*;q=0.8'
    'HTTP_REFERER' => 'http://localhost/dindee.com/web/index.php?r=site/login'
    'HTTP_ACCEPT_ENCODING' => 'gzip, deflate, br'
    'HTTP_ACCEPT_LANGUAGE' => 'en-US,en;q=0.8'
    'HTTP_COOKIE' => 'Idea-f072fc1b=05e050ee-4c32-4f78-8701-5e62b7fe4c39; user_username=admin; _identity=9ee858e3822ead608b674b51ae99d402929fbc4eb90f3b59dba22d0078cd0d80a%3A2%3A%7Bi%3A0%3Bs%3A9%3A%22_identity%22%3Bi%3A1%3Bs%3A17%3A%22%5Bnull%2C%22%22%2C2592000%5D%22%3B%7D; PHPSESSID=a140c7cd5abb1fb881f73832e4efd829; _csrf=cc4dab1c23f49dbd1422ae0cedc417d77659f75be423b108a40557d4fee5218aa%3A2%3A%7Bi%3A0%3Bs%3A5%3A%22_csrf%22%3Bi%3A1%3Bs%3A32%3A%22EW6RDi1ZR2CGfnOFgOPpGY7qmZkFvhtH%22%3B%7D'
    'PATH' => '/usr/bin:/bin:/usr/sbin:/sbin'
    'SERVER_SIGNATURE' => ''
    'SERVER_SOFTWARE' => 'Apache/2.2.31 (Unix) mod_wsgi/3.5 Python/2.7.12 PHP/7.0.10 mod_ssl/2.2.31 OpenSSL/1.0.2h DAV/2 mod_fastcgi/2.4.6 mod_perl/2.0.9 Perl/v5.24.0'
    'SERVER_NAME' => 'localhost'
    'SERVER_ADDR' => '::1'
    'SERVER_PORT' => '80'
    'REMOTE_ADDR' => '::1'
    'DOCUMENT_ROOT' => '/Applications/MAMP/htdocs'
    'SERVER_ADMIN' => 'you@example.com'
    'SCRIPT_FILENAME' => '/Applications/MAMP/htdocs/dindee.com/web/index.php'
    'REMOTE_PORT' => '55786'
    'GATEWAY_INTERFACE' => 'CGI/1.1'
    'SERVER_PROTOCOL' => 'HTTP/1.1'
    'REQUEST_METHOD' => 'POST'
    'QUERY_STRING' => 'r=site/login'
    'REQUEST_URI' => '/dindee.com/web/index.php?r=site/login'
    'SCRIPT_NAME' => '/dindee.com/web/index.php'
    'PHP_SELF' => '/dindee.com/web/index.php'
    'REQUEST_TIME_FLOAT' => 1498063465.51
    'REQUEST_TIME' => 1498063465
    'argv' => [
        0 => 'r=site/login'
    ]
    'argc' => 1
]
2017-06-21 18:45:35 [::1][-][a140c7cd5abb1fb881f73832e4efd829][error][yii\base\UnknownPropertyException] yii\base\UnknownPropertyException: Setting unknown property: app\models\User::sql in /Applications/MAMP/htdocs/dindee.com/vendor/yiisoft/yii2/base/Component.php:197
Stack trace:
#0 /Applications/MAMP/htdocs/dindee.com/vendor/yiisoft/yii2/db/BaseActiveRecord.php(306): yii\base\Component->__set('sql', NULL)
#1 /Applications/MAMP/htdocs/dindee.com/vendor/yiisoft/yii2/BaseYii.php(521): yii\db\BaseActiveRecord->__set('sql', NULL)
#2 /Applications/MAMP/htdocs/dindee.com/vendor/yiisoft/yii2/base/Object.php(105): yii\BaseYii::configure(Object(app\models\User), Object(app\models\UserQuery))
#3 /Applications/MAMP/htdocs/dindee.com/models/User.php(33): yii\base\Object->__construct(Object(app\models\UserQuery))
#4 /Applications/MAMP/htdocs/dindee.com/models/LoginForm.php(76): app\models\User::findIdentity('adsavin@live.co...')
#5 /Applications/MAMP/htdocs/dindee.com/models/LoginForm.php(48): app\models\LoginForm->getUser()
#6 [internal function]: app\models\LoginForm->validatePassword('password', NULL)
#7 /Applications/MAMP/htdocs/dindee.com/vendor/yiisoft/yii2/validators/InlineValidator.php(69): call_user_func(Array, 'password', NULL)
#8 /Applications/MAMP/htdocs/dindee.com/vendor/yiisoft/yii2/validators/Validator.php(265): yii\validators\InlineValidator->validateAttribute(Object(app\models\LoginForm), 'password')
#9 /Applications/MAMP/htdocs/dindee.com/vendor/yiisoft/yii2/base/Model.php(356): yii\validators\Validator->validateAttributes(Object(app\models\LoginForm), Array)
#10 /Applications/MAMP/htdocs/dindee.com/models/LoginForm.php(62): yii\base\Model->validate()
#11 /Applications/MAMP/htdocs/dindee.com/controllers/SiteController.php(78): app\models\LoginForm->login()
#12 [internal function]: app\controllers\SiteController->actionLogin()
#13 /Applications/MAMP/htdocs/dindee.com/vendor/yiisoft/yii2/base/InlineAction.php(55): call_user_func_array(Array, Array)
#14 /Applications/MAMP/htdocs/dindee.com/vendor/yiisoft/yii2/base/Controller.php(154): yii\base\InlineAction->runWithParams(Array)
#15 /Applications/MAMP/htdocs/dindee.com/vendor/yiisoft/yii2/base/Module.php(454): yii\base\Controller->runAction('login', Array)
#16 /Applications/MAMP/htdocs/dindee.com/vendor/yiisoft/yii2/web/Application.php(100): yii\base\Module->runAction('site/login', Array)
#17 /Applications/MAMP/htdocs/dindee.com/vendor/yiisoft/yii2/base/Application.php(375): yii\web\Application->handleRequest(Object(yii\web\Request))
#18 /Applications/MAMP/htdocs/dindee.com/web/index.php(12): yii\base\Application->run()
#19 {main}
2017-06-21 18:45:35 [::1][-][a140c7cd5abb1fb881f73832e4efd829][info][application] $_GET = [
    'r' => 'site/login'
]

$_POST = [
    '_csrf' => 'QXlJd2UyQUwELn8lIVtwFhNLCjADXA4KJjYZByJrdj0sIyIxE1o1BA=='
    'LoginForm' => [
        'email' => 'adsavin@live.com'
        'password' => '123'
        'rememberMe' => '1'
    ]
    'login-button' => ''
]

$_COOKIE = [
    'Idea-f072fc1b' => '05e050ee-4c32-4f78-8701-5e62b7fe4c39'
    'user_username' => 'admin'
    '_identity' => '9ee858e3822ead608b674b51ae99d402929fbc4eb90f3b59dba22d0078cd0d80a:2:{i:0;s:9:\"_identity\";i:1;s:17:\"[null,\"\",2592000]\";}'
    'PHPSESSID' => 'a140c7cd5abb1fb881f73832e4efd829'
    '_csrf' => 'cc4dab1c23f49dbd1422ae0cedc417d77659f75be423b108a40557d4fee5218aa:2:{i:0;s:5:\"_csrf\";i:1;s:32:\"EW6RDi1ZR2CGfnOFgOPpGY7qmZkFvhtH\";}'
]

$_SESSION = [
    'mp-translate' => 'en'
    'Yii.CCaptchaAction.9bcf56f8.site.captcha' => 'paiazn'
    'Yii.CCaptchaAction.9bcf56f8.site.captchacount' => 1
    'a5bfee42bf395d9bb85d0eb2cccce4f5Yii.CWebUser.flashcounters' => []
    '__flash' => []
    '__captcha/site/captcha' => 'mofuaa'
    '__captcha/site/captchacount' => 1
    '__id' => null
    'Yii.CCaptchaAction.325d85c5.site.captcha' => 'gekccit'
    'Yii.CCaptchaAction.325d85c5.site.captchacount' => 1
    'gii__returnUrl' => '/blog/index.php?r=gii'
    'gii__id' => 'yiier'
    'gii__name' => 'yiier'
    'gii__states' => []
]

$_SERVER = [
    'HTTP_HOST' => 'localhost'
    'HTTP_CONNECTION' => 'keep-alive'
    'CONTENT_LENGTH' => '218'
    'HTTP_CACHE_CONTROL' => 'max-age=0'
    'HTTP_ORIGIN' => 'http://localhost'
    'HTTP_UPGRADE_INSECURE_REQUESTS' => '1'
    'HTTP_USER_AGENT' => 'Mozilla/5.0 (Macintosh; Intel Mac OS X 10_12_5) AppleWebKit/537.36 (KHTML, like Gecko) Chrome/58.0.3029.110 Safari/537.36'
    'CONTENT_TYPE' => 'application/x-www-form-urlencoded'
    'HTTP_ACCEPT' => 'text/html,application/xhtml+xml,application/xml;q=0.9,image/webp,*/*;q=0.8'
    'HTTP_REFERER' => 'http://localhost/dindee.com/web/index.php?r=site/login'
    'HTTP_ACCEPT_ENCODING' => 'gzip, deflate, br'
    'HTTP_ACCEPT_LANGUAGE' => 'en-US,en;q=0.8'
    'HTTP_COOKIE' => 'Idea-f072fc1b=05e050ee-4c32-4f78-8701-5e62b7fe4c39; user_username=admin; _identity=9ee858e3822ead608b674b51ae99d402929fbc4eb90f3b59dba22d0078cd0d80a%3A2%3A%7Bi%3A0%3Bs%3A9%3A%22_identity%22%3Bi%3A1%3Bs%3A17%3A%22%5Bnull%2C%22%22%2C2592000%5D%22%3B%7D; PHPSESSID=a140c7cd5abb1fb881f73832e4efd829; _csrf=cc4dab1c23f49dbd1422ae0cedc417d77659f75be423b108a40557d4fee5218aa%3A2%3A%7Bi%3A0%3Bs%3A5%3A%22_csrf%22%3Bi%3A1%3Bs%3A32%3A%22EW6RDi1ZR2CGfnOFgOPpGY7qmZkFvhtH%22%3B%7D'
    'PATH' => '/usr/bin:/bin:/usr/sbin:/sbin'
    'SERVER_SIGNATURE' => ''
    'SERVER_SOFTWARE' => 'Apache/2.2.31 (Unix) mod_wsgi/3.5 Python/2.7.12 PHP/7.0.10 mod_ssl/2.2.31 OpenSSL/1.0.2h DAV/2 mod_fastcgi/2.4.6 mod_perl/2.0.9 Perl/v5.24.0'
    'SERVER_NAME' => 'localhost'
    'SERVER_ADDR' => '::1'
    'SERVER_PORT' => '80'
    'REMOTE_ADDR' => '::1'
    'DOCUMENT_ROOT' => '/Applications/MAMP/htdocs'
    'SERVER_ADMIN' => 'you@example.com'
    'SCRIPT_FILENAME' => '/Applications/MAMP/htdocs/dindee.com/web/index.php'
    'REMOTE_PORT' => '55788'
    'GATEWAY_INTERFACE' => 'CGI/1.1'
    'SERVER_PROTOCOL' => 'HTTP/1.1'
    'REQUEST_METHOD' => 'POST'
    'QUERY_STRING' => 'r=site/login'
    'REQUEST_URI' => '/dindee.com/web/index.php?r=site/login'
    'SCRIPT_NAME' => '/dindee.com/web/index.php'
    'PHP_SELF' => '/dindee.com/web/index.php'
    'REQUEST_TIME_FLOAT' => 1498063535
    'REQUEST_TIME' => 1498063535
    'argv' => [
        0 => 'r=site/login'
    ]
    'argc' => 1
]
